<?xml version="1.0" encoding="UTF-8"?>
<!-- Generated by org.testng.reporters.JUnitReportReporter -->
<testsuite skipped="0" hostname="Taslim" name="landingpage.PageTitle" tests="1" failures="0" timestamp="2021-04-03T12:11:08 EDT" time="11.235" errors="0">
  <testcase name="checkTitle" time="11.235" classname="landingpage.PageTitle"/>
  <system-out/>
</testsuite> <!-- landingpage.PageTitle -->
